2024-02-12 13:36:13,475 - process_api - INFO - run schema: "extension"
2024-02-12 13:36:13,475 - process_api - INFO - run process: "main"
2024-02-12 13:36:13,475 - process_api - INFO - run step: "start"
2024-02-12 13:36:13,475 - process_api - INFO - perform navigate: ${state.server}/#dashboard/AssetTree
2024-02-12 13:36:14,240 - process_api - INFO - perform refresh
2024-02-12 13:36:14,538 - process_api - INFO - run step: "open_tree_search"
2024-02-12 13:36:14,538 - process_api - INFO - perform click on #ibtn-Search
2024-02-12 13:36:19,494 - process_api - INFO - run step: "just_wait"
2024-02-12 13:36:19,494 - process_api - INFO - wait for time: {'timeout': 3}
2024-02-12 13:36:22,507 - process_api - INFO - run step: "find_element"
2024-02-12 13:36:32,827 - process_api - ERROR - Message: javascript error: arguments[0].viewInTree.apply(...).click is not a function
  (Session info: chrome=118.0.5993.70)
Stacktrace:
	GetHandleVerifier [0x00007FF6951E8EF2+54786]
	(No symbol) [0x00007FF695155612]
	(No symbol) [0x00007FF69500A64B]
	(No symbol) [0x00007FF69500F116]
	(No symbol) [0x00007FF6950114AA]
	(No symbol) [0x00007FF695085394]
	(No symbol) [0x00007FF69506BE6A]
	(No symbol) [0x00007FF695084D02]
	(No symbol) [0x00007FF69506BC43]
	(No symbol) [0x00007FF695040941]
	(No symbol) [0x00007FF695041B84]
	GetHandleVerifier [0x00007FF695537F52+3524194]
	GetHandleVerifier [0x00007FF69558D800+3874576]
	GetHandleVerifier [0x00007FF695585D7F+3843215]
	GetHandleVerifier [0x00007FF695285086+694166]
	(No symbol) [0x00007FF695160A88]
	(No symbol) [0x00007FF69515CA94]
	(No symbol) [0x00007FF69515CBC2]
	(No symbol) [0x00007FF69514CC83]
	BaseThreadInitThunk [0x00007FFB195A257D+29]
	RtlUserThreadStart [0x00007FFB1B20AA58+40]

2024-02-12 13:36:32,831 - process_api - ERROR - Traceback (most recent call last):
  File "C:\PragmaDev\ui_testing_service\process_api\__init__.py", line 82, in run
    return await self.process_runner.run_step(self, step, ctx, process, item, callback)
  File "C:\PragmaDev\ui_testing_service\process_api\process_runner.py", line 53, in run_step
    return await self.run_step(api, next_step, ctx, process, item, callback)
  File "C:\PragmaDev\ui_testing_service\process_api\process_runner.py", line 53, in run_step
    return await self.run_step(api, next_step, ctx, process, item, callback)
  File "C:\PragmaDev\ui_testing_service\process_api\process_runner.py", line 53, in run_step
    return await self.run_step(api, next_step, ctx, process, item, callback)
  File "C:\PragmaDev\ui_testing_service\process_api\process_runner.py", line 32, in run_step
    result = await function(api, step, ctx, process, item)
  File "C:\PragmaDev\ui_testing_service\extensions\asset_tree.py", line 39, in find_element
    driver.execute_script("arguments[0].viewInTree.apply(arguments[0], arguments[1]).click()", element, [parameters])
  File "C:\PragmaDev\ui_testing_service\venv\lib\site-packages\selenium\webdriver\remote\webdriver.py", line 407, in execute_script
    return self.execute(command, {"script": script, "args": converted_args})["value"]
  File "C:\PragmaDev\ui_testing_service\venv\lib\site-packages\selenium\webdriver\remote\webdriver.py", line 347, in execute
    self.error_handler.check_response(response)
  File "C:\PragmaDev\ui_testing_service\venv\lib\site-packages\selenium\webdriver\remote\errorhandler.py", line 229, in check_response
    raise exception_class(message, screen, stacktrace)
selenium.common.exceptions.JavascriptException: Message: javascript error: arguments[0].viewInTree.apply(...).click is not a function
  (Session info: chrome=118.0.5993.70)
Stacktrace:
	GetHandleVerifier [0x00007FF6951E8EF2+54786]
	(No symbol) [0x00007FF695155612]
	(No symbol) [0x00007FF69500A64B]
	(No symbol) [0x00007FF69500F116]
	(No symbol) [0x00007FF6950114AA]
	(No symbol) [0x00007FF695085394]
	(No symbol) [0x00007FF69506BE6A]
	(No symbol) [0x00007FF695084D02]
	(No symbol) [0x00007FF69506BC43]
	(No symbol) [0x00007FF695040941]
	(No symbol) [0x00007FF695041B84]
	GetHandleVerifier [0x00007FF695537F52+3524194]
	GetHandleVerifier [0x00007FF69558D800+3874576]
	GetHandleVerifier [0x00007FF695585D7F+3843215]
	GetHandleVerifier [0x00007FF695285086+694166]
	(No symbol) [0x00007FF695160A88]
	(No symbol) [0x00007FF69515CA94]
	(No symbol) [0x00007FF69515CBC2]
	(No symbol) [0x00007FF69514CC83]
	BaseThreadInitThunk [0x00007FFB195A257D+29]
	RtlUserThreadStart [0x00007FFB1B20AA58+40]


2024-02-12 13:36:33,261 - process_api - INFO - Task 79fae154-7a91-4cb6-83a0-761b47b56cbf completed in 00:00:19:358
