2024-01-25 14:16:48,569 - process_api - INFO - run schema: "Theme Designer Bug"
2024-01-25 14:16:48,569 - process_api - INFO - run process: "main"
2024-01-25 14:16:48,569 - process_api - INFO - run step: "start"
2024-01-25 14:16:48,569 - process_api - INFO - perform set_uuid_variables {'variables': ['$d{id}']}
2024-01-25 14:16:48,569 - process_api - INFO - run step: "wait_for_account_button"
2024-01-25 14:16:48,569 - process_api - INFO - wait for element: {'query': '.form-container #btn-account'}
2024-01-25 14:16:48,640 - process_api - INFO - run step: "open_accounts_panel"
2024-01-25 14:16:48,640 - process_api - INFO - perform click on .form-container #btn-account
2024-01-25 14:16:48,907 - process_api - INFO - run step: "wait_for_accounts_panel"
2024-01-25 14:16:48,907 - process_api - INFO - wait for attribute: {'query': 'pr-account', 'attr': 'status', 'value': 'ready'}
2024-01-25 14:16:48,950 - process_api - INFO - run step: "wait_for_theme_option"
2024-01-25 14:16:48,950 - process_api - INFO - wait for element: {'query': '#panel0 #theme-menu-item'}
2024-01-25 14:16:49,003 - process_api - INFO - run step: "open_theme_panel"
2024-01-25 14:16:49,003 - process_api - INFO - perform click on #panel0 #theme-menu-item
2024-01-25 14:16:49,088 - process_api - INFO - run step: "wait_for_list"
2024-01-25 14:16:49,088 - process_api - INFO - wait for element: {'query': '#tpl-list'}
2024-01-25 14:16:49,133 - process_api - INFO - run step: "assert_theme_list_exists"
2024-01-25 14:16:49,133 - process_api - INFO - assert element_exists: {'query': '#tpl-list'}
2024-01-25 14:16:49,133 - process_api - INFO - wait for element: {'query': '#tpl-list'}
2024-01-25 14:16:49,170 - process_api - INFO - run step: "wait_for_default_list_item"
2024-01-25 14:16:49,170 - process_api - INFO - wait for element: {'query': "#tpl-list #pal-body [data-id='11']"}
2024-01-25 14:16:49,219 - process_api - INFO - run step: "assert_default_list_item_exists"
2024-01-25 14:16:49,219 - process_api - INFO - assert element_exists: {'query': "#tpl-list #pal-body [data-id='11']"}
2024-01-25 14:16:49,219 - process_api - INFO - wait for element: {'query': "#tpl-list #pal-body [data-id='11']"}
2024-01-25 14:16:49,255 - process_api - INFO - run step: "perform_click_close_list"
2024-01-25 14:16:49,256 - process_api - INFO - perform click on #theme-picker [data-event='collapseThemes']
2024-01-25 14:16:49,334 - process_api - INFO - run step: "wait_for_account_close_button"
2024-01-25 14:16:49,334 - process_api - INFO - wait for element: {'query': '#panel0 #side-menu-close'}
2024-01-25 14:16:49,371 - process_api - INFO - run step: "close_account_window"
2024-01-25 14:16:49,372 - process_api - INFO - perform click on #panel0 #side-menu-close
2024-01-25 14:16:49,440 - process_api - INFO - run step: "navigate_to_theme_designer_screen"
2024-01-25 14:16:49,440 - process_api - INFO - perform navigate: ${state.server}/#theme-designer
2024-01-25 14:16:49,465 - process_api - INFO - run step: "wait_for_profile_button"
2024-01-25 14:16:49,465 - process_api - INFO - wait for element: {'query': '#sideMenuTabList #profiles'}
2024-01-25 14:16:49,500 - process_api - INFO - run step: "perform_click_profile_button"
2024-01-25 14:16:49,500 - process_api - INFO - perform click on #sideMenuTabList #profiles
2024-01-25 14:16:49,583 - process_api - INFO - run step: "wait_for_profile_view"
2024-01-25 14:16:49,583 - process_api - INFO - wait for element: {'query': '#panel5 #profile-switcher'}
2024-01-25 14:16:49,650 - process_api - INFO - run step: "wait_for_profile_menu"
2024-01-25 14:16:49,650 - process_api - INFO - wait for attribute: {'query': '#panel5 #profile-switcher .toolbar', 'attr': 'aria-hidden', 'value': 'false'}
2024-01-25 14:17:49,859 - process_api - ERROR - Message: 

2024-01-25 14:17:49,859 - process_api - ERROR - Traceback (most recent call last):
  File "C:\PragmaDev\ui_testing_service\process_api\__init__.py", line 82, in run
    return await self.process_runner.run_step(self, step, ctx, process, item, callback)
  File "C:\PragmaDev\ui_testing_service\process_api\process_runner.py", line 32, in run_step
    result = await function(api, step, ctx, process, item)
  File "C:\PragmaDev\ui_testing_service\process_api\modules\selenium\__init__.py", line 56, in get
    return await get(selenium_driver, step["args"])
  File "C:\PragmaDev\ui_testing_service\process_api\modules\selenium\automation\get.py", line 20, in get
    element = await get_element(ctx, query, timeout)
  File "C:\PragmaDev\ui_testing_service\process_api\modules\selenium\automation\get.py", line 51, in get_element
    return await get_element_on_path(driver, query, timeout)
  File "C:\PragmaDev\ui_testing_service\process_api\modules\selenium\automation\get.py", line 98, in get_element_on_path
    return wait_for_element(driver, element, wait)
  File "C:\PragmaDev\ui_testing_service\process_api\modules\selenium\automation\get.py", line 75, in wait_for_element
    wait.until(element_usable_callback(element))
  File "C:\PragmaDev\ui_testing_service\venv\lib\site-packages\selenium\webdriver\support\wait.py", line 105, in until
    raise TimeoutException(message, screen, stacktrace)
selenium.common.exceptions.TimeoutException: Message: 


2024-01-25 14:17:49,859 - process_api - ERROR - 'NoneType' object has no attribute 'get_attribute'
2024-01-25 14:17:49,859 - process_api - ERROR - Traceback (most recent call last):
  File "C:\PragmaDev\ui_testing_service\process_api\__init__.py", line 82, in run
    return await self.process_runner.run_step(self, step, ctx, process, item, callback)
  File "C:\PragmaDev\ui_testing_service\process_api\process_runner.py", line 53, in run_step
    return await self.run_step(api, next_step, ctx, process, item, callback)
  File "C:\PragmaDev\ui_testing_service\process_api\process_runner.py", line 53, in run_step
    return await self.run_step(api, next_step, ctx, process, item, callback)
  File "C:\PragmaDev\ui_testing_service\process_api\process_runner.py", line 53, in run_step
    return await self.run_step(api, next_step, ctx, process, item, callback)
  [Previous line repeated 14 more times]
  File "C:\PragmaDev\ui_testing_service\process_api\process_runner.py", line 32, in run_step
    result = await function(api, step, ctx, process, item)
  File "C:\PragmaDev\ui_testing_service\process_api\modules\selenium\modules\selenium_wait.py", line 53, in attribute
    await wait_for_element_details(api, step, attribute_callback, ctx, process, item)
  File "C:\PragmaDev\ui_testing_service\process_api\modules\selenium\modules\selenium_wait.py", line 21, in wait_for_element_details
    WebDriverWait(selenium_driver, timeout).until(callback(element, args))
  File "C:\PragmaDev\ui_testing_service\venv\lib\site-packages\selenium\webdriver\support\wait.py", line 96, in until
    value = method(self._driver)
  File "C:\PragmaDev\ui_testing_service\process_api\modules\selenium\condition_callbacks\attribute_callback.py", line 6, in _predicate
    value = element.get_attribute(args["attr"])
AttributeError: 'NoneType' object has no attribute 'get_attribute'. Did you mean: '__getattribute__'?

2024-01-25 14:17:50,078 - process_api - INFO - Task 11f7c6b0-7c46-4b92-80ab-cfebd1938a19 completed in 00:01:01:289
