2024-01-25 14:20:36,706 - process_api - INFO - run schema: "User defined queries."
2024-01-25 14:20:36,706 - process_api - INFO - run process: "main"
2024-01-25 14:20:36,706 - process_api - INFO - run step: "start"
2024-01-25 14:20:36,706 - process_api - INFO - perform navigate: ${state.server}/#dashboard/UserDefinedQuery
2024-01-25 14:20:38,322 - process_api - INFO - run step: "wait_for_dashboard_to_be_ready"
2024-01-25 14:20:38,323 - process_api - INFO - wait for attribute: {'query': '#dashboard-grid', 'attr': 'status', 'value': 'ready'}
2024-01-25 14:21:08,412 - process_api - ERROR - Message: 
Stacktrace:
	GetHandleVerifier [0x00007FF73A708EF2+54786]
	(No symbol) [0x00007FF73A675612]
	(No symbol) [0x00007FF73A52A64B]
	(No symbol) [0x00007FF73A56B79C]
	(No symbol) [0x00007FF73A56B91C]
	(No symbol) [0x00007FF73A5A6D87]
	(No symbol) [0x00007FF73A58BEAF]
	(No symbol) [0x00007FF73A5A4D02]
	(No symbol) [0x00007FF73A58BC43]
	(No symbol) [0x00007FF73A560941]
	(No symbol) [0x00007FF73A561B84]
	GetHandleVerifier [0x00007FF73AA57F52+3524194]
	GetHandleVerifier [0x00007FF73AAAD800+3874576]
	GetHandleVerifier [0x00007FF73AAA5D7F+3843215]
	GetHandleVerifier [0x00007FF73A7A5086+694166]
	(No symbol) [0x00007FF73A680A88]
	(No symbol) [0x00007FF73A67CA94]
	(No symbol) [0x00007FF73A67CBC2]
	(No symbol) [0x00007FF73A66CC83]
	BaseThreadInitThunk [0x00007FFBFFD4257D+29]
	RtlUserThreadStart [0x00007FFC00F8AA58+40]

2024-01-25 14:21:08,412 - process_api - ERROR - Traceback (most recent call last):
  File "C:\PragmaDev\ui_testing_service\process_api\__init__.py", line 82, in run
    return await self.process_runner.run_step(self, step, ctx, process, item, callback)
  File "C:\PragmaDev\ui_testing_service\process_api\process_runner.py", line 32, in run_step
    result = await function(api, step, ctx, process, item)
  File "C:\PragmaDev\ui_testing_service\process_api\modules\selenium\__init__.py", line 56, in get
    return await get(selenium_driver, step["args"])
  File "C:\PragmaDev\ui_testing_service\process_api\modules\selenium\automation\get.py", line 20, in get
    element = await get_element(ctx, query, timeout)
  File "C:\PragmaDev\ui_testing_service\process_api\modules\selenium\automation\get.py", line 53, in get_element
    element = wait.until(element_callback(None, {
  File "C:\PragmaDev\ui_testing_service\venv\lib\site-packages\selenium\webdriver\support\wait.py", line 105, in until
    raise TimeoutException(message, screen, stacktrace)
selenium.common.exceptions.TimeoutException: Message: 
Stacktrace:
	GetHandleVerifier [0x00007FF73A708EF2+54786]
	(No symbol) [0x00007FF73A675612]
	(No symbol) [0x00007FF73A52A64B]
	(No symbol) [0x00007FF73A56B79C]
	(No symbol) [0x00007FF73A56B91C]
	(No symbol) [0x00007FF73A5A6D87]
	(No symbol) [0x00007FF73A58BEAF]
	(No symbol) [0x00007FF73A5A4D02]
	(No symbol) [0x00007FF73A58BC43]
	(No symbol) [0x00007FF73A560941]
	(No symbol) [0x00007FF73A561B84]
	GetHandleVerifier [0x00007FF73AA57F52+3524194]
	GetHandleVerifier [0x00007FF73AAAD800+3874576]
	GetHandleVerifier [0x00007FF73AAA5D7F+3843215]
	GetHandleVerifier [0x00007FF73A7A5086+694166]
	(No symbol) [0x00007FF73A680A88]
	(No symbol) [0x00007FF73A67CA94]
	(No symbol) [0x00007FF73A67CBC2]
	(No symbol) [0x00007FF73A66CC83]
	BaseThreadInitThunk [0x00007FFBFFD4257D+29]
	RtlUserThreadStart [0x00007FFC00F8AA58+40]


2024-01-25 14:21:08,412 - process_api - ERROR - 'NoneType' object has no attribute 'get_attribute'
2024-01-25 14:21:08,412 - process_api - ERROR - Traceback (most recent call last):
  File "C:\PragmaDev\ui_testing_service\process_api\__init__.py", line 82, in run
    return await self.process_runner.run_step(self, step, ctx, process, item, callback)
  File "C:\PragmaDev\ui_testing_service\process_api\process_runner.py", line 53, in run_step
    return await self.run_step(api, next_step, ctx, process, item, callback)
  File "C:\PragmaDev\ui_testing_service\process_api\process_runner.py", line 32, in run_step
    result = await function(api, step, ctx, process, item)
  File "C:\PragmaDev\ui_testing_service\process_api\modules\selenium\modules\selenium_wait.py", line 53, in attribute
    await wait_for_element_details(api, step, attribute_callback, ctx, process, item)
  File "C:\PragmaDev\ui_testing_service\process_api\modules\selenium\modules\selenium_wait.py", line 21, in wait_for_element_details
    WebDriverWait(selenium_driver, timeout).until(callback(element, args))
  File "C:\PragmaDev\ui_testing_service\venv\lib\site-packages\selenium\webdriver\support\wait.py", line 96, in until
    value = method(self._driver)
  File "C:\PragmaDev\ui_testing_service\process_api\modules\selenium\condition_callbacks\attribute_callback.py", line 6, in _predicate
    value = element.get_attribute(args["attr"])
AttributeError: 'NoneType' object has no attribute 'get_attribute'. Did you mean: '__getattribute__'?

2024-01-25 14:21:08,616 - process_api - INFO - Task 9412b5fc-c3b0-429e-a3d7-9172e0a2b67e completed in 00:00:31:722
