2024-01-30 08:41:21,450 - process_api - INFO - run schema: "#parameterised_criteira_on_lookup"
2024-01-30 08:41:21,450 - process_api - INFO - run process: "main"
2024-01-30 08:41:21,450 - process_api - INFO - run step: "start"
2024-01-30 08:41:21,450 - process_api - INFO - perform navigate: ${state.server}
2024-01-30 08:41:22,195 - process_api - INFO - run step: "open_menu"
2024-01-30 08:41:22,195 - process_api - INFO - perform click on #btn-menu
2024-01-30 08:41:26,053 - process_api - INFO - run step: "input_work_order"
2024-01-30 08:41:26,053 - process_api - INFO - perform type_text {'query': 'pr-menu input', 'value': 'work order'}
2024-01-30 08:41:26,603 - process_api - INFO - run step: "nav_to_work_order_dashboard"
2024-01-30 08:41:26,603 - process_api - INFO - perform click on [data-id='Work Orders']
2024-01-30 08:41:26,686 - process_api - INFO - run step: "open_create"
2024-01-30 08:41:26,686 - process_api - INFO - perform click on #create
2024-01-30 08:41:27,783 - process_api - INFO - run step: "open_asset_lookup"
2024-01-30 08:41:27,783 - process_api - INFO - perform click on [id='model.assetCode'] #btnLookup
2024-01-30 08:41:29,331 - process_api - INFO - run step: "wait_for_asset_lookup"
2024-01-30 08:41:29,331 - process_api - INFO - wait for element: {'query': "[id='assetCode-lookup'] .grid-row[tabindex='0']"}
2024-01-30 08:41:30,279 - process_api - INFO - run step: "open_query_builder"
2024-01-30 08:41:30,280 - process_api - INFO - perform click on #btnEditQuery
2024-01-30 08:41:30,362 - process_api - INFO - run step: "nav_to_criteria_tab"
2024-01-30 08:41:30,362 - process_api - INFO - perform click on [data-id='criteria']
2024-01-30 08:41:30,701 - process_api - INFO - run step: "add_criteria"
2024-01-30 08:41:30,701 - process_api - INFO - perform click on [data-id='addCriteriaField']
2024-01-30 08:41:36,917 - process_api - INFO - run step: "select_code"
2024-01-30 08:41:36,917 - process_api - INFO - perform click on [data-id='Asset->Code'] div.tree-item-container
2024-01-30 08:41:37,300 - process_api - INFO - run step: "select_accept_button"
2024-01-30 08:41:37,300 - process_api - INFO - perform click on pragma-action-dialog:nth-of-type(4) button:nth-of-type(2)
2024-01-30 08:41:37,382 - process_api - INFO - run step: "select_toggle_options"
2024-01-30 08:41:37,382 - process_api - INFO - perform click on .criteria-edit-control:nth-of-type(2) #btnOverflow
2024-01-30 08:41:37,528 - process_api - INFO - run step: "select_parameter"
2024-01-30 08:41:37,528 - process_api - INFO - perform click on [data-id='parameter']
2024-01-30 08:41:37,627 - process_api - INFO - run step: "focus_input"
2024-01-30 08:41:37,627 - process_api - INFO - perform click on pragma-action-dialog.dialog-card pragma-label-composite input
2024-01-30 08:41:37,777 - process_api - INFO - run step: "set_parameter_name"
2024-01-30 08:41:37,777 - process_api - INFO - perform type_text {'query': 'pragma-action-dialog.dialog-card pragma-label-composite input', 'value': 'test'}
2024-01-30 08:41:38,325 - process_api - INFO - run step: "select_accept"
2024-01-30 08:41:38,325 - process_api - INFO - perform click on pragma-action-dialog.dialog-card button:nth-of-type(2)
2024-01-30 08:41:38,400 - process_api - INFO - run step: "select_run"
2024-01-30 08:41:38,400 - process_api - INFO - perform click on pragma-action-dialog.large pragma-action-button
2024-01-30 08:41:38,493 - process_api - INFO - run step: "focus_parameterised_critieria_input"
2024-01-30 08:41:38,493 - process_api - INFO - perform click on pr-query-parameters-panel input
2024-01-30 08:41:40,088 - process_api - ERROR - Message: element click intercepted: Element <input aria-label="test" behaviours="validation(required)" type="text" required="true" slot="input"> is not clickable at point (1049, 427). Other element would receive the click: <label id="compositeLabel" for="model_..._field">test</label>
  (Session info: chrome=118.0.5993.70)
Stacktrace:
	GetHandleVerifier [0x00007FF6A1638EF2+54786]
	(No symbol) [0x00007FF6A15A5612]
	(No symbol) [0x00007FF6A145A64B]
	(No symbol) [0x00007FF6A14A1A6B]
	(No symbol) [0x00007FF6A149FE39]
	(No symbol) [0x00007FF6A149DC08]
	(No symbol) [0x00007FF6A149CCC3]
	(No symbol) [0x00007FF6A14929CF]
	(No symbol) [0x00007FF6A14BBE6A]
	(No symbol) [0x00007FF6A14922E6]
	(No symbol) [0x00007FF6A14BC080]
	(No symbol) [0x00007FF6A14D4D02]
	(No symbol) [0x00007FF6A14BBC43]
	(No symbol) [0x00007FF6A1490941]
	(No symbol) [0x00007FF6A1491B84]
	GetHandleVerifier [0x00007FF6A1987F52+3524194]
	GetHandleVerifier [0x00007FF6A19DD800+3874576]
	GetHandleVerifier [0x00007FF6A19D5D7F+3843215]
	GetHandleVerifier [0x00007FF6A16D5086+694166]
	(No symbol) [0x00007FF6A15B0A88]
	(No symbol) [0x00007FF6A15ACA94]
	(No symbol) [0x00007FF6A15ACBC2]
	(No symbol) [0x00007FF6A159CC83]
	BaseThreadInitThunk [0x00007FFFF257257D+29]
	RtlUserThreadStart [0x00007FFFF326AA58+40]

2024-01-30 08:41:40,104 - process_api - ERROR - Traceback (most recent call last):
  File "C:\PragmaDev\ui_testing_service\process_api\__init__.py", line 82, in run
    return await self.process_runner.run_step(self, step, ctx, process, item, callback)
  File "C:\PragmaDev\ui_testing_service\process_api\process_runner.py", line 32, in run_step
    result = await function(api, step, ctx, process, item)
  File "C:\PragmaDev\ui_testing_service\process_api\modules\selenium\__init__.py", line 79, in perform
    await perform(selenium_driver, step["args"])
  File "C:\PragmaDev\ui_testing_service\process_api\modules\selenium\automation\perform.py", line 28, in perform
    await Actions.__dict__[action](driver, element, chain, args)
  File "C:\PragmaDev\ui_testing_service\process_api\modules\selenium\automation\perform.py", line 38, in click
    element.click()
  File "C:\PragmaDev\ui_testing_service\venv\lib\site-packages\selenium\webdriver\remote\webelement.py", line 94, in click
    self._execute(Command.CLICK_ELEMENT)
  File "C:\PragmaDev\ui_testing_service\venv\lib\site-packages\selenium\webdriver\remote\webelement.py", line 395, in _execute
    return self._parent.execute(command, params)
  File "C:\PragmaDev\ui_testing_service\venv\lib\site-packages\selenium\webdriver\remote\webdriver.py", line 347, in execute
    self.error_handler.check_response(response)
  File "C:\PragmaDev\ui_testing_service\venv\lib\site-packages\selenium\webdriver\remote\errorhandler.py", line 229, in check_response
    raise exception_class(message, screen, stacktrace)
selenium.common.exceptions.ElementClickInterceptedException: Message: element click intercepted: Element <input aria-label="test" behaviours="validation(required)" type="text" required="true" slot="input"> is not clickable at point (1049, 427). Other element would receive the click: <label id="compositeLabel" for="model_..._field">test</label>
  (Session info: chrome=118.0.5993.70)
Stacktrace:
	GetHandleVerifier [0x00007FF6A1638EF2+54786]
	(No symbol) [0x00007FF6A15A5612]
	(No symbol) [0x00007FF6A145A64B]
	(No symbol) [0x00007FF6A14A1A6B]
	(No symbol) [0x00007FF6A149FE39]
	(No symbol) [0x00007FF6A149DC08]
	(No symbol) [0x00007FF6A149CCC3]
	(No symbol) [0x00007FF6A14929CF]
	(No symbol) [0x00007FF6A14BBE6A]
	(No symbol) [0x00007FF6A14922E6]
	(No symbol) [0x00007FF6A14BC080]
	(No symbol) [0x00007FF6A14D4D02]
	(No symbol) [0x00007FF6A14BBC43]
	(No symbol) [0x00007FF6A1490941]
	(No symbol) [0x00007FF6A1491B84]
	GetHandleVerifier [0x00007FF6A1987F52+3524194]
	GetHandleVerifier [0x00007FF6A19DD800+3874576]
	GetHandleVerifier [0x00007FF6A19D5D7F+3843215]
	GetHandleVerifier [0x00007FF6A16D5086+694166]
	(No symbol) [0x00007FF6A15B0A88]
	(No symbol) [0x00007FF6A15ACA94]
	(No symbol) [0x00007FF6A15ACBC2]
	(No symbol) [0x00007FF6A159CC83]
	BaseThreadInitThunk [0x00007FFFF257257D+29]
	RtlUserThreadStart [0x00007FFFF326AA58+40]


2024-01-30 08:41:40,371 - process_api - INFO - Task dc3b0101-a5fe-41cf-bba6-24e0dc758040 completed in 00:00:18:673
