2024-02-07 07:28:21,532 - process_api - INFO - run schema: "Asset Test"
2024-02-07 07:28:21,532 - process_api - INFO - run process: "main"
2024-02-07 07:28:21,532 - process_api - INFO - run step: "start"
2024-02-07 07:28:21,532 - process_api - INFO - perform navigate: ${state.server}/#dashboard/AssetTree
2024-02-07 07:28:21,572 - process_api - INFO - run step: "wait_for_tree"
2024-02-07 07:28:21,572 - process_api - INFO - wait for attribute: {'query': '#asset-tree', 'attr': 'status', 'value': 'ready'}
2024-02-07 07:28:22,785 - process_api - INFO - run step: "assert_correct_spelling"
2024-02-07 07:28:22,785 - process_api - INFO - assert text_content_eq: {'query': '#pb-1:shadow:h2', 'value': 'Asset Tree'}
2024-02-07 07:28:22,785 - process_api - INFO - wait for text_content: {'query': '#pb-1:shadow:h2', 'value': 'Asset Tree'}
2024-02-07 07:28:52,862 - process_api - ERROR - Message: 

2024-02-07 07:28:52,878 - process_api - ERROR - Traceback (most recent call last):
  File "C:\PragmaDev\ui_testing_service\process_api\__init__.py", line 82, in run
    return await self.process_runner.run_step(self, step, ctx, process, item, callback)
  File "C:\PragmaDev\ui_testing_service\process_api\process_runner.py", line 32, in run_step
    result = await function(api, step, ctx, process, item)
  File "C:\PragmaDev\ui_testing_service\process_api\modules\selenium\__init__.py", line 56, in get
    return await get(selenium_driver, step["args"])
  File "C:\PragmaDev\ui_testing_service\process_api\modules\selenium\automation\get.py", line 20, in get
    element = await get_element(ctx, query, timeout)
  File "C:\PragmaDev\ui_testing_service\process_api\modules\selenium\automation\get.py", line 53, in get_element
    element = wait.until(element_callback(None, {
  File "C:\PragmaDev\ui_testing_service\venv\lib\site-packages\selenium\webdriver\support\wait.py", line 105, in until
    raise TimeoutException(message, screen, stacktrace)
selenium.common.exceptions.TimeoutException: Message: 


2024-02-07 07:28:52,878 - process_api - ERROR - 'NoneType' object has no attribute 'get_property'
2024-02-07 07:28:52,887 - process_api - ERROR - Traceback (most recent call last):
  File "C:\PragmaDev\ui_testing_service\process_api\__init__.py", line 82, in run
    return await self.process_runner.run_step(self, step, ctx, process, item, callback)
  File "C:\PragmaDev\ui_testing_service\process_api\process_runner.py", line 53, in run_step
    return await self.run_step(api, next_step, ctx, process, item, callback)
  File "C:\PragmaDev\ui_testing_service\process_api\process_runner.py", line 53, in run_step
    return await self.run_step(api, next_step, ctx, process, item, callback)
  File "C:\PragmaDev\ui_testing_service\process_api\process_runner.py", line 32, in run_step
    result = await function(api, step, ctx, process, item)
  File "C:\PragmaDev\ui_testing_service\process_api\modules\selenium\modules\selenium_assert.py", line 135, in text_content_eq
    await WaitModule.text_content(api, step, ctx, process, item)
  File "C:\PragmaDev\ui_testing_service\process_api\modules\selenium\modules\selenium_wait.py", line 96, in text_content
    await wait_for_element_details(api, step, element_property_callback, ctx, process, item)
  File "C:\PragmaDev\ui_testing_service\process_api\modules\selenium\modules\selenium_wait.py", line 21, in wait_for_element_details
    WebDriverWait(selenium_driver, timeout).until(callback(element, args))
  File "C:\PragmaDev\ui_testing_service\venv\lib\site-packages\selenium\webdriver\support\wait.py", line 96, in until
    value = method(self._driver)
  File "C:\PragmaDev\ui_testing_service\process_api\modules\selenium\condition_callbacks\element_property_callback.py", line 8, in _predicate
    value = element.get_property(prop)
AttributeError: 'NoneType' object has no attribute 'get_property'

2024-02-07 07:28:52,887 - process_api - INFO - run process: "TC2"
2024-02-07 07:28:52,887 - process_api - INFO - run step: "start"
2024-02-07 07:28:52,887 - process_api - INFO - template: system tooltip {'hover': '#ibtn-Search', 'value': 'Search'}
2024-02-07 07:28:52,887 - process_api - INFO - run step: "start"
2024-02-07 07:28:52,887 - process_api - INFO - perform hover_over_element {'query': '$parameters.hover'}
2024-02-07 07:29:22,897 - process_api - ERROR - Message: 

2024-02-07 07:29:22,899 - process_api - ERROR - Traceback (most recent call last):
  File "C:\PragmaDev\ui_testing_service\process_api\__init__.py", line 82, in run
    return await self.process_runner.run_step(self, step, ctx, process, item, callback)
  File "C:\PragmaDev\ui_testing_service\process_api\process_runner.py", line 32, in run_step
    result = await function(api, step, ctx, process, item)
  File "C:\PragmaDev\ui_testing_service\process_api\modules\selenium\__init__.py", line 79, in perform
    await perform(selenium_driver, step["args"])
  File "C:\PragmaDev\ui_testing_service\process_api\modules\selenium\automation\perform.py", line 15, in perform
    element = await get_element(context, query, timeout)
  File "C:\PragmaDev\ui_testing_service\process_api\modules\selenium\automation\get.py", line 53, in get_element
    element = wait.until(element_callback(None, {
  File "C:\PragmaDev\ui_testing_service\venv\lib\site-packages\selenium\webdriver\support\wait.py", line 105, in until
    raise TimeoutException(message, screen, stacktrace)
selenium.common.exceptions.TimeoutException: Message: 


2024-02-07 07:29:22,903 - process_api - INFO - run process: "TC3"
2024-02-07 07:29:22,903 - process_api - INFO - run step: "start"
2024-02-07 07:29:22,903 - process_api - INFO - perform click on #ibtn-Search
2024-02-07 07:29:22,980 - process_api - INFO - run process: "TC4"
2024-02-07 07:29:22,980 - process_api - INFO - run step: "start"
2024-02-07 07:29:22,980 - process_api - INFO - perform click on [data-id = 'RegularAsset_1'] .tree-expand-arrow-container
2024-02-07 07:29:23,335 - process_api - INFO - Task b300666d-7612-4584-9bee-54a1f81734a0 completed in 00:01:01:542
