2024-02-05 13:57:57,455 - process_api - INFO - run schema: "lookup_assert_assset_code"
2024-02-05 13:57:57,456 - process_api - INFO - run process: "main"
2024-02-05 13:57:57,456 - process_api - INFO - run step: "start"
2024-02-05 13:57:57,456 - process_api - INFO - perform navigate: ${state.server}/#dashboard/WorkOrder
2024-02-05 13:57:57,488 - process_api - INFO - run step: "set_uuid_variables"
2024-02-05 13:57:57,488 - process_api - INFO - perform set_uuid_variables {'variables': ['$d{codeName}', '$d{description}']}
2024-02-05 13:57:57,488 - process_api - INFO - run step: "create_work_order_process"
2024-02-05 13:57:57,488 - process_api - INFO - template: workOrderCreate work_order_create {'create_btn_selector': 'pragma-panel-bar #create', 'description_field_selector': 'df62e0a2-e08c-4b60-8834-0456b3fb2c15', 'work_required_field_selector': 'df62e0a2-e08c-4b60-8834-0456b3fb2c15', 'work_order_code': '8dc50be1-7c5a-42ba-9c7e-dbfafca5704d'}
2024-02-05 13:57:57,488 - process_api - INFO - run step: "start"
2024-02-05 13:57:57,488 - process_api - INFO - perform click on pragma-panel-bar #create
2024-02-05 13:58:27,625 - process_api - ERROR - Message: 

2024-02-05 13:58:27,626 - process_api - ERROR - Traceback (most recent call last):
  File "C:\PragmaDev\ui_testing_service\process_api\__init__.py", line 82, in run
    return await self.process_runner.run_step(self, step, ctx, process, item, callback)
  File "C:\PragmaDev\ui_testing_service\process_api\process_runner.py", line 32, in run_step
    result = await function(api, step, ctx, process, item)
  File "C:\PragmaDev\ui_testing_service\process_api\modules\selenium\__init__.py", line 79, in perform
    await perform(selenium_driver, step["args"])
  File "C:\PragmaDev\ui_testing_service\process_api\modules\selenium\automation\perform.py", line 15, in perform
    element = await get_element(context, query, timeout)
  File "C:\PragmaDev\ui_testing_service\process_api\modules\selenium\automation\get.py", line 51, in get_element
    return await get_element_on_path(driver, query, timeout)
  File "C:\PragmaDev\ui_testing_service\process_api\modules\selenium\automation\get.py", line 90, in get_element_on_path
    element = wait.until(light_and_shadow_dom_callback(element, shadow_root, query))
  File "C:\PragmaDev\ui_testing_service\venv\lib\site-packages\selenium\webdriver\support\wait.py", line 105, in until
    raise TimeoutException(message, screen, stacktrace)
selenium.common.exceptions.TimeoutException: Message: 


2024-02-05 13:58:27,907 - process_api - INFO - Task b08ec228-0150-43fd-9395-0193a4869a11 completed in 00:00:30:186
