2024-02-12 13:37:32,912 - process_api - INFO - run schema: "extension"
2024-02-12 13:37:32,912 - process_api - INFO - run process: "main"
2024-02-12 13:37:32,912 - process_api - INFO - run step: "start"
2024-02-12 13:37:32,912 - process_api - INFO - perform navigate: ${state.server}/#dashboard/AssetTree
2024-02-12 13:37:33,622 - process_api - INFO - perform refresh
2024-02-12 13:37:33,926 - process_api - INFO - run step: "open_tree_search"
2024-02-12 13:37:33,926 - process_api - INFO - perform click on #ibtn-Search
2024-02-12 13:37:39,041 - process_api - INFO - run step: "just_wait"
2024-02-12 13:37:39,041 - process_api - INFO - wait for time: {'timeout': 3}
2024-02-12 13:37:42,045 - process_api - INFO - run step: "find_element"
2024-02-12 13:38:07,540 - process_api - ERROR - Message: no such element: Unable to locate element: {"method":"css selector","selector":"[data-id='None']"}
  (Session info: chrome=118.0.5993.70); For documentation on this error, please visit: https://www.selenium.dev/documentation/webdriver/troubleshooting/errors#no-such-element-exception
Stacktrace:
	GetHandleVerifier [0x00007FF6951E8EF2+54786]
	(No symbol) [0x00007FF695155612]
	(No symbol) [0x00007FF69500A64B]
	(No symbol) [0x00007FF69504B79C]
	(No symbol) [0x00007FF69504B91C]
	(No symbol) [0x00007FF695086D87]
	(No symbol) [0x00007FF69506BEAF]
	(No symbol) [0x00007FF695084D02]
	(No symbol) [0x00007FF69506BC43]
	(No symbol) [0x00007FF695040941]
	(No symbol) [0x00007FF695041B84]
	GetHandleVerifier [0x00007FF695537F52+3524194]
	GetHandleVerifier [0x00007FF69558D800+3874576]
	GetHandleVerifier [0x00007FF695585D7F+3843215]
	GetHandleVerifier [0x00007FF695285086+694166]
	(No symbol) [0x00007FF695160A88]
	(No symbol) [0x00007FF69515CA94]
	(No symbol) [0x00007FF69515CBC2]
	(No symbol) [0x00007FF69514CC83]
	BaseThreadInitThunk [0x00007FFB195A257D+29]
	RtlUserThreadStart [0x00007FFB1B20AA58+40]

2024-02-12 13:38:07,543 - process_api - ERROR - Traceback (most recent call last):
  File "C:\PragmaDev\ui_testing_service\process_api\__init__.py", line 82, in run
    return await self.process_runner.run_step(self, step, ctx, process, item, callback)
  File "C:\PragmaDev\ui_testing_service\process_api\process_runner.py", line 53, in run_step
    return await self.run_step(api, next_step, ctx, process, item, callback)
  File "C:\PragmaDev\ui_testing_service\process_api\process_runner.py", line 53, in run_step
    return await self.run_step(api, next_step, ctx, process, item, callback)
  File "C:\PragmaDev\ui_testing_service\process_api\process_runner.py", line 53, in run_step
    return await self.run_step(api, next_step, ctx, process, item, callback)
  File "C:\PragmaDev\ui_testing_service\process_api\process_runner.py", line 32, in run_step
    result = await function(api, step, ctx, process, item)
  File "C:\PragmaDev\ui_testing_service\extensions\asset_tree.py", line 43, in find_element
    new_element = driver.find_element(By.CSS_SELECTOR, f"[data-id='{data_id_value}']")
  File "C:\PragmaDev\ui_testing_service\venv\lib\site-packages\selenium\webdriver\remote\webdriver.py", line 741, in find_element
    return self.execute(Command.FIND_ELEMENT, {"using": by, "value": value})["value"]
  File "C:\PragmaDev\ui_testing_service\venv\lib\site-packages\selenium\webdriver\remote\webdriver.py", line 347, in execute
    self.error_handler.check_response(response)
  File "C:\PragmaDev\ui_testing_service\venv\lib\site-packages\selenium\webdriver\remote\errorhandler.py", line 229, in check_response
    raise exception_class(message, screen, stacktrace)
selenium.common.exceptions.NoSuchElementException: Message: no such element: Unable to locate element: {"method":"css selector","selector":"[data-id='None']"}
  (Session info: chrome=118.0.5993.70); For documentation on this error, please visit: https://www.selenium.dev/documentation/webdriver/troubleshooting/errors#no-such-element-exception
Stacktrace:
	GetHandleVerifier [0x00007FF6951E8EF2+54786]
	(No symbol) [0x00007FF695155612]
	(No symbol) [0x00007FF69500A64B]
	(No symbol) [0x00007FF69504B79C]
	(No symbol) [0x00007FF69504B91C]
	(No symbol) [0x00007FF695086D87]
	(No symbol) [0x00007FF69506BEAF]
	(No symbol) [0x00007FF695084D02]
	(No symbol) [0x00007FF69506BC43]
	(No symbol) [0x00007FF695040941]
	(No symbol) [0x00007FF695041B84]
	GetHandleVerifier [0x00007FF695537F52+3524194]
	GetHandleVerifier [0x00007FF69558D800+3874576]
	GetHandleVerifier [0x00007FF695585D7F+3843215]
	GetHandleVerifier [0x00007FF695285086+694166]
	(No symbol) [0x00007FF695160A88]
	(No symbol) [0x00007FF69515CA94]
	(No symbol) [0x00007FF69515CBC2]
	(No symbol) [0x00007FF69514CC83]
	BaseThreadInitThunk [0x00007FFB195A257D+29]
	RtlUserThreadStart [0x00007FFB1B20AA58+40]


2024-02-12 13:38:07,961 - process_api - INFO - Task 1baa3bcd-a515-4632-b38d-8d8264f6b324 completed in 00:00:34:632
