2024-02-05 14:30:13,721 - process_api - INFO - run schema: "Work Order Complete All Tasks"
2024-02-05 14:30:13,721 - process_api - INFO - run process: "main"
2024-02-05 14:30:13,721 - process_api - INFO - run step: "start"
2024-02-05 14:30:13,721 - process_api - INFO - perform navigate: ${state.server}/#dashboard/WorkOrder
2024-02-05 14:30:13,745 - process_api - INFO - run step: "wait_for_dashboard_to_be_ready"
2024-02-05 14:30:13,746 - process_api - INFO - wait for attribute: {'query': '#dashboard-grid', 'attr': 'status', 'value': 'ready'}
2024-02-05 14:30:14,908 - process_api - INFO - run step: "open_assist"
2024-02-05 14:30:14,908 - process_api - INFO - perform click on button#assist
2024-02-05 14:30:15,016 - process_api - INFO - run step: "click_complete_all"
2024-02-05 14:30:15,016 - process_api - INFO - perform click on #btn-CompleteAllTasks
2024-02-05 14:30:15,100 - process_api - INFO - run step: "wait_for_toast"
2024-02-05 14:30:15,100 - process_api - INFO - wait for element: {'query': 'pr-toast-item'}
2024-02-05 14:30:15,266 - process_api - INFO - run step: "assert_toast"
2024-02-05 14:30:20,177 - process_api - INFO - assert text_content_eq: {'query': 'pr-toast-item span', 'value': 'Please select a work order to continue.'}
2024-02-05 14:30:20,177 - process_api - INFO - wait for text_content: {'query': 'pr-toast-item span', 'value': 'Please select a work order to continue.'}
2024-02-05 14:30:50,215 - process_api - ERROR - Message: 

2024-02-05 14:30:50,215 - process_api - ERROR - Traceback (most recent call last):
  File "C:\PragmaDev\ui_testing_service\process_api\__init__.py", line 82, in run
    return await self.process_runner.run_step(self, step, ctx, process, item, callback)
  File "C:\PragmaDev\ui_testing_service\process_api\process_runner.py", line 32, in run_step
    result = await function(api, step, ctx, process, item)
  File "C:\PragmaDev\ui_testing_service\process_api\modules\selenium\__init__.py", line 56, in get
    return await get(selenium_driver, step["args"])
  File "C:\PragmaDev\ui_testing_service\process_api\modules\selenium\automation\get.py", line 20, in get
    element = await get_element(ctx, query, timeout)
  File "C:\PragmaDev\ui_testing_service\process_api\modules\selenium\automation\get.py", line 51, in get_element
    return await get_element_on_path(driver, query, timeout)
  File "C:\PragmaDev\ui_testing_service\process_api\modules\selenium\automation\get.py", line 90, in get_element_on_path
    element = wait.until(light_and_shadow_dom_callback(element, shadow_root, query))
  File "C:\PragmaDev\ui_testing_service\venv\lib\site-packages\selenium\webdriver\support\wait.py", line 105, in until
    raise TimeoutException(message, screen, stacktrace)
selenium.common.exceptions.TimeoutException: Message: 


2024-02-05 14:30:50,215 - process_api - ERROR - 'NoneType' object has no attribute 'get_property'
2024-02-05 14:30:50,215 - process_api - ERROR - Traceback (most recent call last):
  File "C:\PragmaDev\ui_testing_service\process_api\__init__.py", line 82, in run
    return await self.process_runner.run_step(self, step, ctx, process, item, callback)
  File "C:\PragmaDev\ui_testing_service\process_api\process_runner.py", line 53, in run_step
    return await self.run_step(api, next_step, ctx, process, item, callback)
  File "C:\PragmaDev\ui_testing_service\process_api\process_runner.py", line 53, in run_step
    return await self.run_step(api, next_step, ctx, process, item, callback)
  File "C:\PragmaDev\ui_testing_service\process_api\process_runner.py", line 53, in run_step
    return await self.run_step(api, next_step, ctx, process, item, callback)
  [Previous line repeated 2 more times]
  File "C:\PragmaDev\ui_testing_service\process_api\process_runner.py", line 32, in run_step
    result = await function(api, step, ctx, process, item)
  File "C:\PragmaDev\ui_testing_service\process_api\modules\selenium\modules\selenium_assert.py", line 135, in text_content_eq
    await WaitModule.text_content(api, step, ctx, process, item)
  File "C:\PragmaDev\ui_testing_service\process_api\modules\selenium\modules\selenium_wait.py", line 96, in text_content
    await wait_for_element_details(api, step, element_property_callback, ctx, process, item)
  File "C:\PragmaDev\ui_testing_service\process_api\modules\selenium\modules\selenium_wait.py", line 21, in wait_for_element_details
    WebDriverWait(selenium_driver, timeout).until(callback(element, args))
  File "C:\PragmaDev\ui_testing_service\venv\lib\site-packages\selenium\webdriver\support\wait.py", line 96, in until
    value = method(self._driver)
  File "C:\PragmaDev\ui_testing_service\process_api\modules\selenium\condition_callbacks\element_property_callback.py", line 8, in _predicate
    value = element.get_property(prop)
AttributeError: 'NoneType' object has no attribute 'get_property'

2024-02-05 14:30:50,215 - process_api - INFO - run process: "completed_successfully"
2024-02-05 14:30:50,215 - process_api - INFO - run step: "start"
2024-02-05 14:30:50,215 - process_api - INFO - template: filterRecord filter_for_record {'fetch_all_records_selector': "[for='dashboard-grid'] #prepared-fetch", 'filter_button_selector': '#pb-5 #rd-3 #search-button', 'filter_input_selector': '#pb-5 #rd-3 .responsive-dropdown-filter input', 'filter_value': 'WMA01', 'internal_filter_btn_selector': '.dashboard pr-responsive-dropdown#rd-3 #filter'}
2024-02-05 14:30:50,215 - process_api - INFO - run step: "start"
2024-02-05 14:30:50,215 - process_api - INFO - perform click on [for='dashboard-grid'] #prepared-fetch
2024-02-05 14:30:50,316 - process_api - INFO - run process: "all_complete"
2024-02-05 14:30:50,316 - process_api - INFO - run step: "start"
2024-02-05 14:30:50,316 - process_api - INFO - perform click on button#assist
2024-02-05 14:30:50,393 - process_api - INFO - run process: "cant_complete"
2024-02-05 14:30:50,393 - process_api - INFO - run step: "start"
2024-02-05 14:30:50,393 - process_api - INFO - perform navigate: ${state.server}/#dashboard/WorkOrder
2024-02-05 14:30:50,881 - process_api - INFO - Task dc78b7de-1c16-44b9-873b-233978a3a6c1 completed in 00:00:36:672
