2024-02-07 15:26:46,247 - process_api - INFO - run schema: "Theme Designer Bug"
2024-02-07 15:26:46,247 - process_api - INFO - run process: "main"
2024-02-07 15:26:46,247 - process_api - INFO - run step: "start"
2024-02-07 15:26:46,247 - process_api - INFO - perform navigate: ${state.server}/#theme-designer
2024-02-07 15:26:46,263 - process_api - INFO - perform refresh
2024-02-07 15:26:46,964 - process_api - INFO - run step: "set_variables_for_profile"
2024-02-07 15:26:46,964 - process_api - INFO - perform set_uuid_variables {'variables': ['$d{id}']}
2024-02-07 15:26:46,978 - process_api - INFO - run step: "close_side_menu"
2024-02-07 15:26:46,978 - process_api - INFO - perform click on view-container
2024-02-07 15:26:52,043 - process_api - INFO - run step: "wait_for_account_button"
2024-02-07 15:26:52,043 - process_api - INFO - wait for element: {'query': '.form-container #btn-account'}
2024-02-07 15:26:52,083 - process_api - INFO - run step: "open_accounts_panel"
2024-02-07 15:26:52,098 - process_api - INFO - perform click on .form-container #btn-account
2024-02-07 15:26:52,180 - process_api - INFO - run step: "wait_for_theme_option"
2024-02-07 15:26:52,180 - process_api - INFO - wait for element: {'query': '#panel0 #theme-menu-item'}
2024-02-07 15:26:52,215 - process_api - INFO - run step: "open_theme_panel"
2024-02-07 15:26:52,215 - process_api - INFO - perform click on #panel0 #theme-menu-item
2024-02-07 15:26:52,297 - process_api - INFO - run step: "wait_for_list"
2024-02-07 15:26:52,297 - process_api - INFO - wait for element: {'query': '#tpl-list'}
2024-02-07 15:26:52,331 - process_api - INFO - run step: "assert_theme_list_exists"
2024-02-07 15:26:52,331 - process_api - INFO - assert element_exists: {'query': '#tpl-list'}
2024-02-07 15:26:52,331 - process_api - INFO - wait for element: {'query': '#tpl-list'}
2024-02-07 15:27:22,443 - process_api - ERROR - Message: 

2024-02-07 15:27:22,443 - process_api - ERROR - Traceback (most recent call last):
  File "C:\PragmaDev\ui_testing_service\process_api\__init__.py", line 82, in run
    return await self.process_runner.run_step(self, step, ctx, process, item, callback)
  File "C:\PragmaDev\ui_testing_service\process_api\process_runner.py", line 32, in run_step
    result = await function(api, step, ctx, process, item)
  File "C:\PragmaDev\ui_testing_service\process_api\modules\selenium\__init__.py", line 56, in get
    return await get(selenium_driver, step["args"])
  File "C:\PragmaDev\ui_testing_service\process_api\modules\selenium\automation\get.py", line 20, in get
    element = await get_element(ctx, query, timeout)
  File "C:\PragmaDev\ui_testing_service\process_api\modules\selenium\automation\get.py", line 58, in get_element
    return wait_for_element(driver, element, wait)
  File "C:\PragmaDev\ui_testing_service\process_api\modules\selenium\automation\get.py", line 75, in wait_for_element
    wait.until(element_usable_callback(element))
  File "C:\PragmaDev\ui_testing_service\venv\lib\site-packages\selenium\webdriver\support\wait.py", line 105, in until
    raise TimeoutException(message, screen, stacktrace)
selenium.common.exceptions.TimeoutException: Message: 


2024-02-07 15:27:22,443 - process_api - INFO - run process: "TC2"
2024-02-07 15:27:22,443 - process_api - INFO - run step: "start"
2024-02-07 15:27:22,443 - process_api - INFO - wait for element: {'query': '.form-container #btn-account'}
2024-02-07 15:27:22,669 - process_api - INFO - Task 7c86ea56-3cdf-49e1-a8ee-e1078b0b7fe4 completed in 00:00:36:229
