2024-02-05 14:37:15,862 - process_api - INFO - run schema: "loopkup_drill_down_single_lookup_results"
2024-02-05 14:37:15,862 - process_api - INFO - run process: "main"
2024-02-05 14:37:15,862 - process_api - INFO - run step: "start"
2024-02-05 14:37:15,862 - process_api - INFO - perform navigate: ${state.server}/#dashboard/WorkOrder
2024-02-05 14:37:15,862 - process_api - INFO - run step: "set_uuid_variables"
2024-02-05 14:37:15,862 - process_api - INFO - perform set_uuid_variables {'variables': ['$d{codeName}', '$d{description}']}
2024-02-05 14:37:15,862 - process_api - INFO - run step: "create_work_order_process"
2024-02-05 14:37:15,862 - process_api - INFO - template: workOrderCreate work_order_create {'create_btn_selector': 'pragma-panel-bar #create', 'description_field_selector': '5d1dc59b-72e0-41d5-b490-b09162648084', 'work_required_field_selector': '5d1dc59b-72e0-41d5-b490-b09162648084', 'work_order_code': '34c58585-dcf1-40e9-9065-8addd47446c7'}
2024-02-05 14:37:15,862 - process_api - INFO - run step: "start"
2024-02-05 14:37:15,862 - process_api - INFO - perform click on pragma-panel-bar #create
2024-02-05 14:37:16,965 - process_api - ERROR - Message: element click intercepted: Element <pragma-icon-button icon-name="add" aria-label="Create" id="create" tooltip="Create" data-action="create" status="ready" role="button" tabindex="0">...</pragma-icon-button> is not clickable at point (1265, 71). Other element would receive the click: <pragma-action-dialog class="small" style="z-index: 400;">...</pragma-action-dialog>
  (Session info: chrome=118.0.5993.70)
Stacktrace:
	GetHandleVerifier [0x00007FF7D6248EF2+54786]
	(No symbol) [0x00007FF7D61B5612]
	(No symbol) [0x00007FF7D606A64B]
	(No symbol) [0x00007FF7D60B1A6B]
	(No symbol) [0x00007FF7D60AFE39]
	(No symbol) [0x00007FF7D60ADC08]
	(No symbol) [0x00007FF7D60ACCC3]
	(No symbol) [0x00007FF7D60A29CF]
	(No symbol) [0x00007FF7D60CBE6A]
	(No symbol) [0x00007FF7D60A22E6]
	(No symbol) [0x00007FF7D60CC080]
	(No symbol) [0x00007FF7D60E4D02]
	(No symbol) [0x00007FF7D60CBC43]
	(No symbol) [0x00007FF7D60A0941]
	(No symbol) [0x00007FF7D60A1B84]
	GetHandleVerifier [0x00007FF7D6597F52+3524194]
	GetHandleVerifier [0x00007FF7D65ED800+3874576]
	GetHandleVerifier [0x00007FF7D65E5D7F+3843215]
	GetHandleVerifier [0x00007FF7D62E5086+694166]
	(No symbol) [0x00007FF7D61C0A88]
	(No symbol) [0x00007FF7D61BCA94]
	(No symbol) [0x00007FF7D61BCBC2]
	(No symbol) [0x00007FF7D61ACC83]
	BaseThreadInitThunk [0x00007FFA01AB257D+29]
	RtlUserThreadStart [0x00007FFA03D2AA58+40]

2024-02-05 14:37:16,965 - process_api - ERROR - Traceback (most recent call last):
  File "C:\PragmaDev\ui_testing_service\process_api\__init__.py", line 82, in run
    return await self.process_runner.run_step(self, step, ctx, process, item, callback)
  File "C:\PragmaDev\ui_testing_service\process_api\process_runner.py", line 32, in run_step
    result = await function(api, step, ctx, process, item)
  File "C:\PragmaDev\ui_testing_service\process_api\modules\selenium\__init__.py", line 79, in perform
    await perform(selenium_driver, step["args"])
  File "C:\PragmaDev\ui_testing_service\process_api\modules\selenium\automation\perform.py", line 28, in perform
    await Actions.__dict__[action](driver, element, chain, args)
  File "C:\PragmaDev\ui_testing_service\process_api\modules\selenium\automation\perform.py", line 38, in click
    element.click()
  File "C:\PragmaDev\ui_testing_service\venv\lib\site-packages\selenium\webdriver\remote\webelement.py", line 94, in click
    self._execute(Command.CLICK_ELEMENT)
  File "C:\PragmaDev\ui_testing_service\venv\lib\site-packages\selenium\webdriver\remote\webelement.py", line 395, in _execute
    return self._parent.execute(command, params)
  File "C:\PragmaDev\ui_testing_service\venv\lib\site-packages\selenium\webdriver\remote\webdriver.py", line 347, in execute
    self.error_handler.check_response(response)
  File "C:\PragmaDev\ui_testing_service\venv\lib\site-packages\selenium\webdriver\remote\errorhandler.py", line 229, in check_response
    raise exception_class(message, screen, stacktrace)
selenium.common.exceptions.ElementClickInterceptedException: Message: element click intercepted: Element <pragma-icon-button icon-name="add" aria-label="Create" id="create" tooltip="Create" data-action="create" status="ready" role="button" tabindex="0">...</pragma-icon-button> is not clickable at point (1265, 71). Other element would receive the click: <pragma-action-dialog class="small" style="z-index: 400;">...</pragma-action-dialog>
  (Session info: chrome=118.0.5993.70)
Stacktrace:
	GetHandleVerifier [0x00007FF7D6248EF2+54786]
	(No symbol) [0x00007FF7D61B5612]
	(No symbol) [0x00007FF7D606A64B]
	(No symbol) [0x00007FF7D60B1A6B]
	(No symbol) [0x00007FF7D60AFE39]
	(No symbol) [0x00007FF7D60ADC08]
	(No symbol) [0x00007FF7D60ACCC3]
	(No symbol) [0x00007FF7D60A29CF]
	(No symbol) [0x00007FF7D60CBE6A]
	(No symbol) [0x00007FF7D60A22E6]
	(No symbol) [0x00007FF7D60CC080]
	(No symbol) [0x00007FF7D60E4D02]
	(No symbol) [0x00007FF7D60CBC43]
	(No symbol) [0x00007FF7D60A0941]
	(No symbol) [0x00007FF7D60A1B84]
	GetHandleVerifier [0x00007FF7D6597F52+3524194]
	GetHandleVerifier [0x00007FF7D65ED800+3874576]
	GetHandleVerifier [0x00007FF7D65E5D7F+3843215]
	GetHandleVerifier [0x00007FF7D62E5086+694166]
	(No symbol) [0x00007FF7D61C0A88]
	(No symbol) [0x00007FF7D61BCA94]
	(No symbol) [0x00007FF7D61BCBC2]
	(No symbol) [0x00007FF7D61ACC83]
	BaseThreadInitThunk [0x00007FFA01AB257D+29]
	RtlUserThreadStart [0x00007FFA03D2AA58+40]


2024-02-05 14:37:17,264 - process_api - INFO - Task bb9c6360-7e85-47ab-8d76-81fc739e8978 completed in 00:00:01:119
