2024-02-07 15:51:06,392 - process_api - INFO - run schema: "Theme Designer Bug"
2024-02-07 15:51:06,392 - process_api - INFO - run process: "main"
2024-02-07 15:51:06,392 - process_api - INFO - run step: "start"
2024-02-07 15:51:06,392 - process_api - INFO - perform navigate: ${state.server}/#theme-designer
2024-02-07 15:51:06,438 - process_api - INFO - perform refresh
2024-02-07 15:51:07,348 - process_api - INFO - run step: "set_variables_for_profile"
2024-02-07 15:51:07,348 - process_api - INFO - perform set_uuid_variables {'variables': ['$d{id}']}
2024-02-07 15:51:07,348 - process_api - INFO - run step: "wait_for_account_button"
2024-02-07 15:51:07,348 - process_api - INFO - wait for element: {'query': '.form-container #btn-account'}
2024-02-07 15:51:07,380 - process_api - ERROR - Message: no such element: Unable to locate element: {"method":"css selector","selector":".form-container #btn-account"}
  (Session info: chrome=118.0.5993.70); For documentation on this error, please visit: https://www.selenium.dev/documentation/webdriver/troubleshooting/errors#no-such-element-exception
Stacktrace:
	GetHandleVerifier [0x00007FF7D6248EF2+54786]
	(No symbol) [0x00007FF7D61B5612]
	(No symbol) [0x00007FF7D606A64B]
	(No symbol) [0x00007FF7D60AB79C]
	(No symbol) [0x00007FF7D60AB91C]
	(No symbol) [0x00007FF7D60E6D87]
	(No symbol) [0x00007FF7D60CBEAF]
	(No symbol) [0x00007FF7D60E4D02]
	(No symbol) [0x00007FF7D60CBC43]
	(No symbol) [0x00007FF7D60A0941]
	(No symbol) [0x00007FF7D60A1B84]
	GetHandleVerifier [0x00007FF7D6597F52+3524194]
	GetHandleVerifier [0x00007FF7D65ED800+3874576]
	GetHandleVerifier [0x00007FF7D65E5D7F+3843215]
	GetHandleVerifier [0x00007FF7D62E5086+694166]
	(No symbol) [0x00007FF7D61C0A88]
	(No symbol) [0x00007FF7D61BCA94]
	(No symbol) [0x00007FF7D61BCBC2]
	(No symbol) [0x00007FF7D61ACC83]
	BaseThreadInitThunk [0x00007FFA01AB257D+29]
	RtlUserThreadStart [0x00007FFA03D2AA58+40]

2024-02-07 15:51:07,380 - process_api - ERROR - Traceback (most recent call last):
  File "C:\PragmaDev\ui_testing_service\process_api\__init__.py", line 82, in run
    return await self.process_runner.run_step(self, step, ctx, process, item, callback)
  File "C:\PragmaDev\ui_testing_service\process_api\process_runner.py", line 32, in run_step
    result = await function(api, step, ctx, process, item)
  File "C:\PragmaDev\ui_testing_service\process_api\modules\selenium\__init__.py", line 56, in get
    return await get(selenium_driver, step["args"])
  File "C:\PragmaDev\ui_testing_service\process_api\modules\selenium\automation\get.py", line 21, in get
    element = await get_element(ctx, query, timeout)
  File "C:\PragmaDev\ui_testing_service\process_api\modules\selenium\automation\get.py", line 45, in get_element
    found_element = driver.find_element(By.CSS_SELECTOR, query)
  File "C:\PragmaDev\ui_testing_service\venv\lib\site-packages\selenium\webdriver\remote\webdriver.py", line 741, in find_element
    return self.execute(Command.FIND_ELEMENT, {"using": by, "value": value})["value"]
  File "C:\PragmaDev\ui_testing_service\venv\lib\site-packages\selenium\webdriver\remote\webdriver.py", line 347, in execute
    self.error_handler.check_response(response)
  File "C:\PragmaDev\ui_testing_service\venv\lib\site-packages\selenium\webdriver\remote\errorhandler.py", line 229, in check_response
    raise exception_class(message, screen, stacktrace)
selenium.common.exceptions.NoSuchElementException: Message: no such element: Unable to locate element: {"method":"css selector","selector":".form-container #btn-account"}
  (Session info: chrome=118.0.5993.70); For documentation on this error, please visit: https://www.selenium.dev/documentation/webdriver/troubleshooting/errors#no-such-element-exception
Stacktrace:
	GetHandleVerifier [0x00007FF7D6248EF2+54786]
	(No symbol) [0x00007FF7D61B5612]
	(No symbol) [0x00007FF7D606A64B]
	(No symbol) [0x00007FF7D60AB79C]
	(No symbol) [0x00007FF7D60AB91C]
	(No symbol) [0x00007FF7D60E6D87]
	(No symbol) [0x00007FF7D60CBEAF]
	(No symbol) [0x00007FF7D60E4D02]
	(No symbol) [0x00007FF7D60CBC43]
	(No symbol) [0x00007FF7D60A0941]
	(No symbol) [0x00007FF7D60A1B84]
	GetHandleVerifier [0x00007FF7D6597F52+3524194]
	GetHandleVerifier [0x00007FF7D65ED800+3874576]
	GetHandleVerifier [0x00007FF7D65E5D7F+3843215]
	GetHandleVerifier [0x00007FF7D62E5086+694166]
	(No symbol) [0x00007FF7D61C0A88]
	(No symbol) [0x00007FF7D61BCA94]
	(No symbol) [0x00007FF7D61BCBC2]
	(No symbol) [0x00007FF7D61ACC83]
	BaseThreadInitThunk [0x00007FFA01AB257D+29]
	RtlUserThreadStart [0x00007FFA03D2AA58+40]


2024-02-07 15:51:07,397 - process_api - INFO - run process: "TC2"
2024-02-07 15:51:07,397 - process_api - INFO - run step: "start"
2024-02-07 15:51:07,397 - process_api - INFO - wait for element: {'query': '.form-container #btn-account'}
2024-02-07 15:51:07,397 - process_api - ERROR - Message: no such element: Unable to locate element: {"method":"css selector","selector":".form-container #btn-account"}
  (Session info: chrome=118.0.5993.70); For documentation on this error, please visit: https://www.selenium.dev/documentation/webdriver/troubleshooting/errors#no-such-element-exception
Stacktrace:
	GetHandleVerifier [0x00007FF7D6248EF2+54786]
	(No symbol) [0x00007FF7D61B5612]
	(No symbol) [0x00007FF7D606A64B]
	(No symbol) [0x00007FF7D60AB79C]
	(No symbol) [0x00007FF7D60AB91C]
	(No symbol) [0x00007FF7D60E6D87]
	(No symbol) [0x00007FF7D60CBEAF]
	(No symbol) [0x00007FF7D60E4D02]
	(No symbol) [0x00007FF7D60CBC43]
	(No symbol) [0x00007FF7D60A0941]
	(No symbol) [0x00007FF7D60A1B84]
	GetHandleVerifier [0x00007FF7D6597F52+3524194]
	GetHandleVerifier [0x00007FF7D65ED800+3874576]
	GetHandleVerifier [0x00007FF7D65E5D7F+3843215]
	GetHandleVerifier [0x00007FF7D62E5086+694166]
	(No symbol) [0x00007FF7D61C0A88]
	(No symbol) [0x00007FF7D61BCA94]
	(No symbol) [0x00007FF7D61BCBC2]
	(No symbol) [0x00007FF7D61ACC83]
	BaseThreadInitThunk [0x00007FFA01AB257D+29]
	RtlUserThreadStart [0x00007FFA03D2AA58+40]

2024-02-07 15:51:07,397 - process_api - ERROR - Traceback (most recent call last):
  File "C:\PragmaDev\ui_testing_service\process_api\__init__.py", line 82, in run
    return await self.process_runner.run_step(self, step, ctx, process, item, callback)
  File "C:\PragmaDev\ui_testing_service\process_api\process_runner.py", line 32, in run_step
    result = await function(api, step, ctx, process, item)
  File "C:\PragmaDev\ui_testing_service\process_api\modules\selenium\__init__.py", line 56, in get
    return await get(selenium_driver, step["args"])
  File "C:\PragmaDev\ui_testing_service\process_api\modules\selenium\automation\get.py", line 21, in get
    element = await get_element(ctx, query, timeout)
  File "C:\PragmaDev\ui_testing_service\process_api\modules\selenium\automation\get.py", line 45, in get_element
    found_element = driver.find_element(By.CSS_SELECTOR, query)
  File "C:\PragmaDev\ui_testing_service\venv\lib\site-packages\selenium\webdriver\remote\webdriver.py", line 741, in find_element
    return self.execute(Command.FIND_ELEMENT, {"using": by, "value": value})["value"]
  File "C:\PragmaDev\ui_testing_service\venv\lib\site-packages\selenium\webdriver\remote\webdriver.py", line 347, in execute
    self.error_handler.check_response(response)
  File "C:\PragmaDev\ui_testing_service\venv\lib\site-packages\selenium\webdriver\remote\errorhandler.py", line 229, in check_response
    raise exception_class(message, screen, stacktrace)
selenium.common.exceptions.NoSuchElementException: Message: no such element: Unable to locate element: {"method":"css selector","selector":".form-container #btn-account"}
  (Session info: chrome=118.0.5993.70); For documentation on this error, please visit: https://www.selenium.dev/documentation/webdriver/troubleshooting/errors#no-such-element-exception
Stacktrace:
	GetHandleVerifier [0x00007FF7D6248EF2+54786]
	(No symbol) [0x00007FF7D61B5612]
	(No symbol) [0x00007FF7D606A64B]
	(No symbol) [0x00007FF7D60AB79C]
	(No symbol) [0x00007FF7D60AB91C]
	(No symbol) [0x00007FF7D60E6D87]
	(No symbol) [0x00007FF7D60CBEAF]
	(No symbol) [0x00007FF7D60E4D02]
	(No symbol) [0x00007FF7D60CBC43]
	(No symbol) [0x00007FF7D60A0941]
	(No symbol) [0x00007FF7D60A1B84]
	GetHandleVerifier [0x00007FF7D6597F52+3524194]
	GetHandleVerifier [0x00007FF7D65ED800+3874576]
	GetHandleVerifier [0x00007FF7D65E5D7F+3843215]
	GetHandleVerifier [0x00007FF7D62E5086+694166]
	(No symbol) [0x00007FF7D61C0A88]
	(No symbol) [0x00007FF7D61BCA94]
	(No symbol) [0x00007FF7D61BCBC2]
	(No symbol) [0x00007FF7D61ACC83]
	BaseThreadInitThunk [0x00007FFA01AB257D+29]
	RtlUserThreadStart [0x00007FFA03D2AA58+40]


2024-02-07 15:51:07,762 - process_api - INFO - Task fa33a165-5994-44b0-87cb-c7c0b08796e2 completed in 00:00:01:021
