2024-01-25 13:58:25,964 - process_api - INFO - run schema: ""
2024-01-25 13:58:25,964 - process_api - INFO - run process: "main"
2024-01-25 13:58:25,964 - process_api - INFO - run step: "start"
2024-01-25 13:58:25,964 - process_api - INFO - perform navigate: ${state.server}/#dashboard/AssetTree
2024-01-25 13:58:25,997 - process_api - INFO - run step: "step_1"
2024-01-25 13:58:25,997 - process_api - INFO - wait for attribute: {'query': '#asset-tree', 'attr': 'status', 'value': 'ready'}
2024-01-25 13:58:27,576 - process_api - INFO - run step: "step_2"
2024-01-25 13:58:27,576 - process_api - INFO - assert text_content_eq: {'query': '#pb-1 h2', 'value': 'Asset Tree'}
2024-01-25 13:58:27,576 - process_api - INFO - wait for text_content: {'query': '#pb-1 h2', 'value': 'Asset Tree'}
2024-01-25 13:58:27,693 - process_api - INFO - run step: "step_3"
2024-01-25 13:58:27,693 - process_api - INFO - assert style_property_eq: {'query': '#pb-1 h2', 'property': 'font-family', 'value': 'Source Sans Pro'}
2024-01-25 13:58:27,693 - process_api - INFO - wait for style_property: {'query': '#pb-1 h2', 'property': 'font-family', 'value': 'Source Sans Pro'}
2024-01-25 13:58:57,787 - process_api - ERROR - Message: 

2024-01-25 13:58:57,787 - process_api - ERROR - Traceback (most recent call last):
  File "C:\PragmaDev\ui_testing_service\process_api\__init__.py", line 82, in run
    return await self.process_runner.run_step(self, step, ctx, process, item, callback)
  File "C:\PragmaDev\ui_testing_service\process_api\process_runner.py", line 53, in run_step
    return await self.run_step(api, next_step, ctx, process, item, callback)
  File "C:\PragmaDev\ui_testing_service\process_api\process_runner.py", line 53, in run_step
    return await self.run_step(api, next_step, ctx, process, item, callback)
  File "C:\PragmaDev\ui_testing_service\process_api\process_runner.py", line 53, in run_step
    return await self.run_step(api, next_step, ctx, process, item, callback)
  File "C:\PragmaDev\ui_testing_service\process_api\process_runner.py", line 32, in run_step
    result = await function(api, step, ctx, process, item)
  File "C:\PragmaDev\ui_testing_service\process_api\modules\selenium\modules\selenium_assert.py", line 113, in style_property_eq
    await WaitModule.style_property(api, step, ctx, process, item)
  File "C:\PragmaDev\ui_testing_service\process_api\modules\selenium\modules\selenium_wait.py", line 63, in style_property
    await wait_for_element_details(api, step, style_property_callback, ctx, process, item)
  File "C:\PragmaDev\ui_testing_service\process_api\modules\selenium\modules\selenium_wait.py", line 21, in wait_for_element_details
    WebDriverWait(selenium_driver, timeout).until(callback(element, args))
  File "C:\PragmaDev\ui_testing_service\venv\lib\site-packages\selenium\webdriver\support\wait.py", line 105, in until
    raise TimeoutException(message, screen, stacktrace)
selenium.common.exceptions.TimeoutException: Message: 


2024-01-25 13:58:58,007 - process_api - INFO - Task 370342d7-ed4c-4043-bb54-f36edb942316 completed in 00:00:31:823
